c:\users\chx20\desktop\c语言\一阶魔方（改）\project30\x64\debug\vc143.pdb
c:\users\chx20\desktop\c语言\一阶魔方（改）\project30\x64\debug\vc143.idb
c:\users\chx20\desktop\c语言\一阶魔方（改）\project30\x64\debug\zuobiao.obj
c:\users\chx20\desktop\c语言\一阶魔方（改）\project30\x64\debug\xuanran.obj
c:\users\chx20\desktop\c语言\一阶魔方（改）\project30\x64\debug\main.obj
c:\users\chx20\desktop\c语言\一阶魔方（改）\project30\x64\debug\caozuo.obj
c:\users\chx20\desktop\c语言\一阶魔方（改）\x64\debug\project30.pdb
c:\users\chx20\desktop\c语言\一阶魔方（改）\project30\x64\debug\project30.tlog\cl.command.1.tlog
c:\users\chx20\desktop\c语言\一阶魔方（改）\project30\x64\debug\project30.tlog\cl.read.1.tlog
c:\users\chx20\desktop\c语言\一阶魔方（改）\project30\x64\debug\project30.tlog\cl.write.1.tlog
c:\users\chx20\desktop\c语言\一阶魔方（改）\project30\x64\debug\project30.tlog\link-cvtres.read.1.tlog
c:\users\chx20\desktop\c语言\一阶魔方（改）\project30\x64\debug\project30.tlog\link-cvtres.write.1.tlog
c:\users\chx20\desktop\c语言\一阶魔方（改）\project30\x64\debug\project30.tlog\link-rc.read.1.tlog
c:\users\chx20\desktop\c语言\一阶魔方（改）\project30\x64\debug\project30.tlog\link-rc.write.1.tlog
c:\users\chx20\desktop\c语言\一阶魔方（改）\project30\x64\debug\project30.tlog\link.command.1.tlog
c:\users\chx20\desktop\c语言\一阶魔方（改）\project30\x64\debug\project30.tlog\link.read.1.tlog
c:\users\chx20\desktop\c语言\一阶魔方（改）\project30\x64\debug\project30.tlog\link.read.2.tlog
c:\users\chx20\desktop\c语言\一阶魔方（改）\project30\x64\debug\project30.tlog\link.read.3.tlog
c:\users\chx20\desktop\c语言\一阶魔方（改）\project30\x64\debug\project30.tlog\link.read.4.tlog
c:\users\chx20\desktop\c语言\一阶魔方（改）\project30\x64\debug\project30.tlog\link.write.1.tlog
